<?xml version="1.0" encoding="UTF-8"?>
<!-- Generated by org.testng.reporters.JUnitReportReporter -->
<testsuite hostname="DESKTOP-7TMCQMA" failures="0" tests="1" name="com.DollarDays.TestCases.WishListIconTC_001" time="5.789" errors="0" timestamp="2021-05-25T20:19:50 EDT" skipped="0">
  <testcase classname="com.DollarDays.TestCases.WishListIconTC_001" name="WishListIconTest" time="5.789"/>
  <system-out/>
</testsuite> <!-- com.DollarDays.TestCases.WishListIconTC_001 -->
