<?xml version="1.0" encoding="UTF-8"?>
<!-- Generated by org.testng.reporters.JUnitReportReporter -->
<testsuite hostname="DESKTOP-7TMCQMA" failures="0" tests="1" name="com.DollarDays.TestCases.TC_PopUp_002" time="16.034" errors="0" timestamp="2021-05-28T21:22:38 EDT" skipped="0">
  <testcase classname="com.DollarDays.TestCases.TC_PopUp_002" name="PopUptest" time="16.034"/>
  <system-out/>
</testsuite> <!-- com.DollarDays.TestCases.TC_PopUp_002 -->
