<?xml version="1.0" encoding="UTF-8"?>
<!-- Generated by org.testng.reporters.JUnitReportReporter -->
<testsuite hostname="DESKTOP-7TMCQMA" failures="0" tests="2" name="com.DollarDays.TestCases.WishListIconTC_002" time="13.889" errors="0" timestamp="2021-05-28T21:22:38 EDT" skipped="0">
  <testcase classname="com.DollarDays.TestCases.WishListIconTC_002" name="WishListTC_001" time="4.767"/>
  <system-out/>
  <testcase classname="com.DollarDays.TestCases.WishListIconTC_002" name="WishListTC_002" time="9.122"/>
  <system-out/>
</testsuite> <!-- com.DollarDays.TestCases.WishListIconTC_002 -->
