<?xml version="1.0" encoding="UTF-8"?>
<!-- Generated by org.testng.reporters.JUnitReportReporter -->
<testsuite hostname="DESKTOP-7TMCQMA" failures="0" tests="1" name="com.DollarDays.TestCases.LoginTC_DD07" time="16.196" errors="0" timestamp="2021-05-28T21:22:38 EDT" skipped="0">
  <testcase classname="com.DollarDays.TestCases.LoginTC_DD07" name="LoginTest" time="16.196"/>
  <system-out/>
</testsuite> <!-- com.DollarDays.TestCases.LoginTC_DD07 -->
