<?xml version="1.0" encoding="UTF-8"?>
<!-- Generated by org.testng.reporters.JUnitReportReporter -->
<testsuite hostname="DESKTOP-7TMCQMA" failures="0" tests="2" name="com.DollarDays.TestCases.WishListIconTC_002" time="27.657" errors="0" timestamp="2021-05-31T22:00:15 EDT" skipped="0">
  <testcase classname="com.DollarDays.TestCases.WishListIconTC_002" name="WishListTC_001" time="11.575"/>
  <system-out/>
  <testcase classname="com.DollarDays.TestCases.WishListIconTC_002" name="WishListTC_002" time="16.082"/>
  <system-out/>
</testsuite> <!-- com.DollarDays.TestCases.WishListIconTC_002 -->
