<?xml version="1.0" encoding="UTF-8"?>
<!-- Generated by org.testng.reporters.JUnitReportReporter -->
<testsuite hostname="DESKTOP-7TMCQMA" failures="0" tests="1" name="com.DollarDays.TestCases.LoginTC_DD07" time="30.733" errors="0" timestamp="2021-05-31T22:00:15 EDT" skipped="0">
  <testcase classname="com.DollarDays.TestCases.LoginTC_DD07" name="LoginTest" time="30.733"/>
  <system-out/>
</testsuite> <!-- com.DollarDays.TestCases.LoginTC_DD07 -->
